	averageLauriats : 50.6
	averageStudents : 79
	companyRadius : 50
	distancePerDay : 30
	mapHeight : 600
	mapWidth : 900
Entreprise
	Total Laureats:0
	Hired:0
Entreprise
	Total Laureats:0
	Hired:0
Entreprise
	Total Laureats:0
	Hired:0
Entreprise
	Total Laureats:0
	Hired:0
Entreprise
	Total Laureats:0
	Hired:0
Entreprise
	Total Laureats:0
	Hired:0
Entreprise
	Total Laureats:0
	Hired:0
Entreprise
	Total Laureats:0
	Hired:0
Entreprise
	Total Laureats:0
	Hired:0
Entreprise
	Total Laureats:0
	Hired:0
Entreprise
	Total Laureats:0
	Hired:0
Entreprise
	Total Laureats:0
	Hired:0
Entreprise
	Total Laureats:0
	Hired:0
Entreprise
	Total Laureats:0
	Hired:0
Entreprise
	Total Laureats:0
	Hired:0
Entreprise
	Total Laureats:0
	Hired:0
Entreprise
	Total Laureats:0
	Hired:0
Entreprise
	Total Laureats:0
	Hired:0
Entreprise
	Total Laureats:0
	Hired:0
Entreprise
	Total Laureats:0
	Hired:0
Entreprise
	Total Laureats:0
	Hired:0
Entreprise
	Total Laureats:0
	Hired:0
Entreprise
	Total Laureats:0
	Hired:0
Entreprise
	Total Laureats:0
	Hired:0
Entreprise
	Total Laureats:0
	Hired:0
Entreprise
	Total Laureats:0
	Hired:0
Entreprise
	Total Laureats:0
	Hired:0
Entreprise
	Total Laureats:0
	Hired:0
Entreprise
	Total Laureats:0
	Hired:0
Entreprise
	Total Laureats:0
	Hired:0
Entreprise
	Total Laureats:0
	Hired:0
Entreprise
	Total Laureats:0
	Hired:0
Entreprise
	Total Laureats:0
	Hired:0
Entreprise
	Total Laureats:0
	Hired:0
Entreprise
	Total Laureats:0
	Hired:0
Entreprise
	Total Laureats:0
	Hired:0
Entreprise
	Total Laureats:0
	Hired:0
Entreprise
	Total Laureats:0
	Hired:0
Entreprise
	Total Laureats:0
	Hired:0
Entreprise
	Total Laureats:0
	Hired:0
Entreprise
	Total Laureats:0
	Hired:0
Entreprise
	Total Laureats:0
	Hired:0
Entreprise
	Total Laureats:0
	Hired:0
Entreprise
	Total Laureats:0
	Hired:0
Entreprise
	Total Laureats:0
	Hired:0
Entreprise
	Total Laureats:0
	Hired:0
Entreprise
	Total Laureats:0
	Hired:0
Entreprise
	Total Laureats:0
	Hired:0
Entreprise
	Total Laureats:0
	Hired:0
Entreprise
	Total Laureats:0
	Hired:0
Entreprise
	Total Laureats:0
	Hired:0
Entreprise
	Total Laureats:0
	Hired:0
Entreprise
	Total Laureats:0
	Hired:0
Entreprise
	Total Laureats:0
	Hired:0
Entreprise
	Total Laureats:0
	Hired:0
Entreprise
	Total Laureats:0
	Hired:0
Destruction !